<?xml version="1.0" encoding="UTF-8"?>
<!-- Generated by org.testng.reporters.JUnitReportReporter -->
<testsuite hostname="jkabir" failures="0" tests="3" name="testcases.Testcase1" time="0.079" errors="0" timestamp="2024-08-25T11:35:38 EDT" skipped="0">
  <testcase classname="testcases.Testcase1" name="registration" time="0.031"/>
  <testcase classname="testcases.Testcase1" name="allow" time="0.012"/>
  <testcase classname="testcases.Testcase1" name="login" time="0.036"/>
</testsuite> <!-- testcases.Testcase1 -->
